2025-04-22 13:37:26,088 DEBUG    root            Loaded Command Group: ['gcloud', 'components']
2025-04-22 13:37:26,089 DEBUG    root            Loaded Command Group: ['gcloud', 'components', 'update']
2025-04-22 13:37:26,091 DEBUG    root            Running [gcloud.components.update] with arguments: [--quiet: "True", COMPONENT-IDS:8: "['gcloud', 'core', 'bq', 'gsutil', 'compute', 'preview', 'alpha', 'beta']"]
2025-04-22 13:37:26,092 INFO     ___FILE_ONLY___ Beginning update. This process may take several minutes.

2025-04-22 13:37:26,101 DEBUG    urllib3.connectionpool Starting new HTTPS connection (1): dl.google.com:443
2025-04-22 13:37:26,116 DEBUG    urllib3.connectionpool https://dl.google.com:443 "GET /dl/cloudsdk/channels/rapid/components-2.json HTTP/11" 200 226135
2025-04-22 13:37:26,129 WARNING  root            Component [compute] no longer exists.
2025-04-22 13:37:26,130 INFO     ___FILE_ONLY___ 

2025-04-22 13:37:26,131 INFO     ___FILE_ONLY___ 
Your current Google Cloud CLI version is: 519.0.0

2025-04-22 13:37:26,131 INFO     ___FILE_ONLY___ Installing components from version: 519.0.0

2025-04-22 13:37:26,131 INFO     ___FILE_ONLY___ 

2025-04-22 13:37:26,131 DEBUG    root            Chosen display Format:table[box,title="These components will be removed."](details.display_name:label=Name:align=left,version.version_string:label=Version:align=right,data.size.size(zero="",min=1048576):label=Size:align=right)
2025-04-22 13:37:26,132 DEBUG    root            Chosen display Format:table[box,title="These components will be updated."](details.display_name:label=Name:align=left,version.version_string:label=Version:align=right,data.size.size(zero="",min=1048576):label=Size:align=right)
2025-04-22 13:37:26,132 DEBUG    root            Chosen display Format:table[box,title="These components will be installed."](details.display_name:label=Name:align=left,version.version_string:label=Version:align=right,data.size.size(zero="",min=1048576):label=Size:align=right)
2025-04-22 13:37:26,145 INFO     ___FILE_ONLY___ ┌────────────────────────────────────────────────┐
2025-04-22 13:37:26,146 INFO     ___FILE_ONLY___ 

2025-04-22 13:37:26,146 INFO     ___FILE_ONLY___ │      These components will be installed.       │
2025-04-22 13:37:26,146 INFO     ___FILE_ONLY___ 

2025-04-22 13:37:26,146 INFO     ___FILE_ONLY___ ├─────────────────────────┬────────────┬─────────┤
2025-04-22 13:37:26,146 INFO     ___FILE_ONLY___ 

2025-04-22 13:37:26,146 INFO     ___FILE_ONLY___ │           Name          │  Version   │   Size  │
2025-04-22 13:37:26,146 INFO     ___FILE_ONLY___ 

2025-04-22 13:37:26,146 INFO     ___FILE_ONLY___ ├─────────────────────────┼────────────┼─────────┤
2025-04-22 13:37:26,146 INFO     ___FILE_ONLY___ 

2025-04-22 13:37:26,146 INFO     ___FILE_ONLY___ │ 
2025-04-22 13:37:26,146 INFO     ___FILE_ONLY___ gcloud Alpha Commands  
2025-04-22 13:37:26,146 INFO     ___FILE_ONLY___  
2025-04-22 13:37:26,147 INFO     ___FILE_ONLY___ │ 
2025-04-22 13:37:26,147 INFO     ___FILE_ONLY___ 2025.04.18
2025-04-22 13:37:26,147 INFO     ___FILE_ONLY___  
2025-04-22 13:37:26,147 INFO     ___FILE_ONLY___ │ 
2025-04-22 13:37:26,147 INFO     ___FILE_ONLY___ < 1 MiB
2025-04-22 13:37:26,147 INFO     ___FILE_ONLY___  
2025-04-22 13:37:26,147 INFO     ___FILE_ONLY___ │
2025-04-22 13:37:26,147 INFO     ___FILE_ONLY___ 

2025-04-22 13:37:26,147 INFO     ___FILE_ONLY___ │ 
2025-04-22 13:37:26,147 INFO     ___FILE_ONLY___ gcloud Beta Commands   
2025-04-22 13:37:26,147 INFO     ___FILE_ONLY___  
2025-04-22 13:37:26,147 INFO     ___FILE_ONLY___ │ 
2025-04-22 13:37:26,148 INFO     ___FILE_ONLY___ 2025.04.18
2025-04-22 13:37:26,148 INFO     ___FILE_ONLY___  
2025-04-22 13:37:26,148 INFO     ___FILE_ONLY___ │ 
2025-04-22 13:37:26,148 INFO     ___FILE_ONLY___ < 1 MiB
2025-04-22 13:37:26,148 INFO     ___FILE_ONLY___  
2025-04-22 13:37:26,148 INFO     ___FILE_ONLY___ │
2025-04-22 13:37:26,148 INFO     ___FILE_ONLY___ 

2025-04-22 13:37:26,148 INFO     ___FILE_ONLY___ │ 
2025-04-22 13:37:26,148 INFO     ___FILE_ONLY___ gcloud Preview Commands
2025-04-22 13:37:26,148 INFO     ___FILE_ONLY___  
2025-04-22 13:37:26,148 INFO     ___FILE_ONLY___ │ 
2025-04-22 13:37:26,148 INFO     ___FILE_ONLY___           
2025-04-22 13:37:26,148 INFO     ___FILE_ONLY___  
2025-04-22 13:37:26,149 INFO     ___FILE_ONLY___ │ 
2025-04-22 13:37:26,149 INFO     ___FILE_ONLY___ < 1 MiB
2025-04-22 13:37:26,149 INFO     ___FILE_ONLY___  
2025-04-22 13:37:26,149 INFO     ___FILE_ONLY___ │
2025-04-22 13:37:26,149 INFO     ___FILE_ONLY___ 

2025-04-22 13:37:26,149 INFO     ___FILE_ONLY___ └─────────────────────────┴────────────┴─────────┘
2025-04-22 13:37:26,149 INFO     ___FILE_ONLY___ 

2025-04-22 13:37:26,149 INFO     ___FILE_ONLY___ 

2025-04-22 13:37:26,152 DEBUG    urllib3.connectionpool Starting new HTTPS connection (1): dl.google.com:443
2025-04-22 13:37:26,165 DEBUG    urllib3.connectionpool https://dl.google.com:443 "GET /dl/cloudsdk/channels/rapid/RELEASE_NOTES HTTP/11" 200 1402540
2025-04-22 13:37:26,636 INFO     ___FILE_ONLY___ For the latest full release notes, please visit:
  https://cloud.google.com/sdk/release_notes


2025-04-22 13:37:26,636 INFO     ___FILE_ONLY___ Performing in place update...


2025-04-22 13:37:26,638 INFO     ___FILE_ONLY___ ╔════════════════════════════════════════════════════════════╗

2025-04-22 13:37:26,638 INFO     ___FILE_ONLY___ ╠═ Downloading: gcloud Alpha Commands                       ═╣

2025-04-22 13:37:26,638 INFO     ___FILE_ONLY___ ╚
2025-04-22 13:37:26,642 DEBUG    urllib3.connectionpool Starting new HTTPS connection (1): dl.google.com:443
2025-04-22 13:37:26,680 DEBUG    urllib3.connectionpool https://dl.google.com:443 "GET /dl/cloudsdk/channels/rapid/components/google-cloud-sdk-alpha-20250418150427.tar.gz HTTP/11" 200 800
2025-04-22 13:37:26,681 INFO     ___FILE_ONLY___ ════════════════════════════════════════════════════════════
2025-04-22 13:37:26,681 INFO     ___FILE_ONLY___ ╝

2025-04-22 13:37:26,683 INFO     ___FILE_ONLY___ ╔════════════════════════════════════════════════════════════╗

2025-04-22 13:37:26,683 INFO     ___FILE_ONLY___ ╠═ Downloading: gcloud Beta Commands                        ═╣

2025-04-22 13:37:26,683 INFO     ___FILE_ONLY___ ╚
2025-04-22 13:37:26,686 DEBUG    urllib3.connectionpool Starting new HTTPS connection (1): dl.google.com:443
2025-04-22 13:37:26,724 DEBUG    urllib3.connectionpool https://dl.google.com:443 "GET /dl/cloudsdk/channels/rapid/components/google-cloud-sdk-beta-20250418150427.tar.gz HTTP/11" 200 797
2025-04-22 13:37:26,724 INFO     ___FILE_ONLY___ ════════════════════════════════════════════════════════════
2025-04-22 13:37:26,724 INFO     ___FILE_ONLY___ ╝

2025-04-22 13:37:26,726 INFO     ___FILE_ONLY___ ╔════════════════════════════════════════════════════════════╗

2025-04-22 13:37:26,727 INFO     ___FILE_ONLY___ ╠═ Downloading: gcloud Preview Commands                     ═╣

2025-04-22 13:37:26,727 INFO     ___FILE_ONLY___ ╚
2025-04-22 13:37:26,729 DEBUG    urllib3.connectionpool Starting new HTTPS connection (1): dl.google.com:443
2025-04-22 13:37:26,769 DEBUG    urllib3.connectionpool https://dl.google.com:443 "GET /dl/cloudsdk/channels/rapid/components/google-cloud-sdk-preview-20241115154308.tar.gz HTTP/11" 200 823
2025-04-22 13:37:26,770 INFO     ___FILE_ONLY___ ════════════════════════════════════════════════════════════
2025-04-22 13:37:26,770 INFO     ___FILE_ONLY___ ╝

2025-04-22 13:37:26,772 INFO     ___FILE_ONLY___ ╔════════════════════════════════════════════════════════════╗

2025-04-22 13:37:26,772 INFO     ___FILE_ONLY___ ╠═ Installing: gcloud Alpha Commands                        ═╣

2025-04-22 13:37:26,772 INFO     ___FILE_ONLY___ ╚
2025-04-22 13:37:26,773 INFO     ___FILE_ONLY___ ════════════════════════════════════════════════════════════
2025-04-22 13:37:26,773 INFO     ___FILE_ONLY___ ╝

2025-04-22 13:37:26,778 INFO     ___FILE_ONLY___ ╔════════════════════════════════════════════════════════════╗

2025-04-22 13:37:26,778 INFO     ___FILE_ONLY___ ╠═ Installing: gcloud Beta Commands                         ═╣

2025-04-22 13:37:26,778 INFO     ___FILE_ONLY___ ╚
2025-04-22 13:37:26,779 INFO     ___FILE_ONLY___ ════════════════════════════════════════════════════════════
2025-04-22 13:37:26,779 INFO     ___FILE_ONLY___ ╝

2025-04-22 13:37:26,784 INFO     ___FILE_ONLY___ ╔════════════════════════════════════════════════════════════╗

2025-04-22 13:37:26,784 INFO     ___FILE_ONLY___ ╠═ Installing: gcloud Preview Commands                      ═╣

2025-04-22 13:37:26,784 INFO     ___FILE_ONLY___ ╚
2025-04-22 13:37:26,785 INFO     ___FILE_ONLY___ ════════════════════════════════════════════════════════════
2025-04-22 13:37:26,785 INFO     ___FILE_ONLY___ ╝

2025-04-22 13:37:26,789 DEBUG    root            Updating notification cache...
2025-04-22 13:37:26,790 INFO     ___FILE_ONLY___ 

2025-04-22 13:37:26,791 INFO     ___FILE_ONLY___ Performing post processing steps...
2025-04-22 13:37:26,792 DEBUG    root            Executing command: ['/tools/google-cloud-sdk/bin/gcloud', 'components', 'post-process']
2025-04-22 13:37:35,704 DEBUG    ___FILE_ONLY___ 
2025-04-22 13:37:35,704 DEBUG    ___FILE_ONLY___ 
2025-04-22 13:37:35,804 INFO     root            descriptor_list: [{'universeDomain': 'googleapis.com', 'universeShortName': '', 'authenticationDomain': 'auth.cloud.google.com', 'projectPrefix': '', 'cloudWebDomain': 'cloud.google.com', 'documentationDomain': 'cloud.google.com', 'version': '1.0.0', 'state': 'primary', 'artifactRegistryDomain': 'pkg.dev'}]
2025-04-22 13:37:35,804 INFO     ___FILE_ONLY___ 
Update done!


2025-04-22 13:37:35,806 DEBUG    root            Chosen display Format:none
2025-04-22 13:37:35,807 INFO     root            Display format: "none"
